<?xml version="1.0" encoding="UTF-8"?>
<!-- Generated by org.testng.reporters.JUnitXMLReporter -->
<testsuite ignored="0" hostname="DESKTOP-VGBJQDV" failures="0" tests="3" name="OpenNewAccount" time="10.04" errors="0" timestamp="13 Dec 2022 06:35:36 GMT">
  <testcase classname="com.Parabank_PageTest.TC_003_OpenNewAccount_Test" name="Enter_the_username" time="1.942"/>
  <testcase classname="com.Parabank_PageTest.TC_003_OpenNewAccount_Test" name="OpenNewAccount" time="0.909"/>
  <testcase classname="com.Parabank_PageTest.TC_003_OpenNewAccount_Test" name="Accountnumber_into_the_Excel" time="0.472"/>
</testsuite> <!-- OpenNewAccount -->
