<?xml version="1.0" encoding="UTF-8"?>
<!-- Generated by org.testng.reporters.JUnitXMLReporter -->
<testsuite ignored="0" hostname="DESKTOP-VGBJQDV" failures="0" tests="3" name="Parabank Suite" time="10.836" errors="0" timestamp="09 Dec 2022 11:43:12 GMT">
  <testcase classname="com.Parabank_PageTest.TC_003_OpenNewAccount_Test" name="Enter_the_username" time="1.461"/>
  <testcase classname="com.Parabank_PageTest.TC_003_OpenNewAccount_Test" name="OpenNewAccount" time="1.304"/>
  <testcase classname="com.Parabank_PageTest.TC_003_OpenNewAccount_Test" name="Accountnumber_into_the_Excel" time="1.468"/>
</testsuite> <!-- Parabank Suite -->
