<?xml version="1.0" encoding="UTF-8"?>
<!-- Generated by org.testng.reporters.JUnitXMLReporter -->
<testsuite ignored="0" hostname="DESKTOP-VGBJQDV" failures="0" tests="2" name="VerifyingAccount" time="11.55" errors="0" timestamp="13 Dec 2022 06:35:48 GMT">
  <testcase classname="com.Parabank_PageTest.TC_004_VerifyingAccount_Test" name="Enter_the_username" time="1.585"/>
  <testcase classname="com.Parabank_PageTest.TC_004_VerifyingAccount_Test" name="VerfyingAcount" time="1.317"/>
</testsuite> <!-- VerifyingAccount -->
