<?xml version="1.0" encoding="UTF-8"?>
<testng-results ignored="0" total="7" passed="7" failed="0" skipped="0">
  <reporter-output>
  </reporter-output>
  <suite started-at="2022-12-13T06:35:01Z" name="suite" finished-at="2022-12-13T06:35:48Z" duration-ms="46337">
    <groups>
    </groups>
    <test started-at="2022-12-13T06:35:01Z" name="Register" finished-at="2022-12-13T06:35:16Z" duration-ms="14802">
      <class name="com.Parabank_PageTest.TC_001_Register_Test">
        <test-method is-config="true" signature="setup()[pri:0, instance:com.Parabank_PageTest.TC_001_Register_Test@12f9af83]" started-at="2022-12-13T06:35:01Z" name="setup" finished-at="2022-12-13T06:35:12Z" duration-ms="10599" status="PASS">
          <reporter-output>
          </reporter-output>
        </test-method> <!-- setup -->
        <test-method signature="register()[pri:1, instance:com.Parabank_PageTest.TC_001_Register_Test@12f9af83]" started-at="2022-12-13T06:35:12Z" name="register" finished-at="2022-12-13T06:35:15Z" duration-ms="3191" status="PASS">
          <reporter-output>
          </reporter-output>
        </test-method> <!-- register -->
        <test-method is-config="true" signature="tearDown()[pri:0, instance:com.Parabank_PageTest.TC_001_Register_Test@12f9af83]" started-at="2022-12-13T06:35:15Z" name="tearDown" finished-at="2022-12-13T06:35:16Z" duration-ms="990" status="PASS">
          <reporter-output>
          </reporter-output>
        </test-method> <!-- tearDown -->
      </class> <!-- com.Parabank_PageTest.TC_001_Register_Test -->
    </test> <!-- Register -->
    <test started-at="2022-12-13T06:35:17Z" name="LoginDetails" finished-at="2022-12-13T06:35:26Z" duration-ms="9604">
      <class name="com.Parabank_PageTest.TC_002_LoginDetails_Test">
        <test-method is-config="true" signature="setup()[pri:0, instance:com.Parabank_PageTest.TC_002_LoginDetails_Test@7b94089b]" started-at="2022-12-13T06:35:17Z" name="setup" finished-at="2022-12-13T06:35:24Z" duration-ms="7641" status="PASS">
          <reporter-output>
          </reporter-output>
        </test-method> <!-- setup -->
        <test-method signature="Enter_the_credentials()[pri:1, instance:com.Parabank_PageTest.TC_002_LoginDetails_Test@7b94089b]" started-at="2022-12-13T06:35:24Z" name="Enter_the_credentials" finished-at="2022-12-13T06:35:26Z" duration-ms="1341" status="PASS">
          <reporter-output>
          </reporter-output>
        </test-method> <!-- Enter_the_credentials -->
        <test-method is-config="true" signature="tearDown()[pri:0, instance:com.Parabank_PageTest.TC_002_LoginDetails_Test@7b94089b]" started-at="2022-12-13T06:35:26Z" name="tearDown" finished-at="2022-12-13T06:35:26Z" duration-ms="618" status="PASS">
          <reporter-output>
          </reporter-output>
        </test-method> <!-- tearDown -->
      </class> <!-- com.Parabank_PageTest.TC_002_LoginDetails_Test -->
    </test> <!-- LoginDetails -->
    <test started-at="2022-12-13T06:35:26Z" name="OpenNewAccount" finished-at="2022-12-13T06:35:36Z" duration-ms="10040">
      <class name="com.Parabank_PageTest.TC_003_OpenNewAccount_Test">
        <test-method is-config="true" signature="setup()[pri:0, instance:com.Parabank_PageTest.TC_003_OpenNewAccount_Test@294a6b8e]" started-at="2022-12-13T06:35:26Z" name="setup" finished-at="2022-12-13T06:35:32Z" duration-ms="6055" status="PASS">
          <reporter-output>
          </reporter-output>
        </test-method> <!-- setup -->
        <test-method signature="Enter_the_username()[pri:0, instance:com.Parabank_PageTest.TC_003_OpenNewAccount_Test@294a6b8e]" started-at="2022-12-13T06:35:32Z" name="Enter_the_username" finished-at="2022-12-13T06:35:34Z" duration-ms="1942" status="PASS">
          <reporter-output>
          </reporter-output>
        </test-method> <!-- Enter_the_username -->
        <test-method signature="OpenNewAccount()[pri:2, instance:com.Parabank_PageTest.TC_003_OpenNewAccount_Test@294a6b8e]" started-at="2022-12-13T06:35:34Z" name="OpenNewAccount" finished-at="2022-12-13T06:35:35Z" duration-ms="909" status="PASS">
          <reporter-output>
          </reporter-output>
        </test-method> <!-- OpenNewAccount -->
        <test-method signature="Accountnumber_into_the_Excel()[pri:3, instance:com.Parabank_PageTest.TC_003_OpenNewAccount_Test@294a6b8e]" started-at="2022-12-13T06:35:35Z" name="Accountnumber_into_the_Excel" finished-at="2022-12-13T06:35:36Z" duration-ms="472" status="PASS">
          <reporter-output>
          </reporter-output>
        </test-method> <!-- Accountnumber_into_the_Excel -->
        <test-method is-config="true" signature="tearDown()[pri:0, instance:com.Parabank_PageTest.TC_003_OpenNewAccount_Test@294a6b8e]" started-at="2022-12-13T06:35:36Z" name="tearDown" finished-at="2022-12-13T06:35:36Z" duration-ms="652" status="PASS">
          <reporter-output>
          </reporter-output>
        </test-method> <!-- tearDown -->
      </class> <!-- com.Parabank_PageTest.TC_003_OpenNewAccount_Test -->
    </test> <!-- OpenNewAccount -->
    <test started-at="2022-12-13T06:35:36Z" name="VerifyingAccount" finished-at="2022-12-13T06:35:48Z" duration-ms="11550">
      <class name="com.Parabank_PageTest.TC_004_VerifyingAccount_Test">
        <test-method is-config="true" signature="setup()[pri:0, instance:com.Parabank_PageTest.TC_004_VerifyingAccount_Test@2c1156a7]" started-at="2022-12-13T06:35:36Z" name="setup" finished-at="2022-12-13T06:35:44Z" duration-ms="8033" status="PASS">
          <reporter-output>
          </reporter-output>
        </test-method> <!-- setup -->
        <test-method signature="Enter_the_username()[pri:0, instance:com.Parabank_PageTest.TC_004_VerifyingAccount_Test@2c1156a7]" started-at="2022-12-13T06:35:44Z" name="Enter_the_username" finished-at="2022-12-13T06:35:46Z" duration-ms="1585" status="PASS">
          <reporter-output>
          </reporter-output>
        </test-method> <!-- Enter_the_username -->
        <test-method signature="VerfyingAcount()[pri:2, instance:com.Parabank_PageTest.TC_004_VerifyingAccount_Test@2c1156a7]" started-at="2022-12-13T06:35:46Z" name="VerfyingAcount" finished-at="2022-12-13T06:35:47Z" duration-ms="1317" status="PASS">
          <reporter-output>
          </reporter-output>
        </test-method> <!-- VerfyingAcount -->
        <test-method is-config="true" signature="tearDown()[pri:0, instance:com.Parabank_PageTest.TC_004_VerifyingAccount_Test@2c1156a7]" started-at="2022-12-13T06:35:47Z" name="tearDown" finished-at="2022-12-13T06:35:48Z" duration-ms="611" status="PASS">
          <reporter-output>
          </reporter-output>
        </test-method> <!-- tearDown -->
      </class> <!-- com.Parabank_PageTest.TC_004_VerifyingAccount_Test -->
    </test> <!-- VerifyingAccount -->
  </suite> <!-- suite -->
</testng-results>
